<?xml version="1.0" encoding="UTF-8"?>
<!-- Generated by org.testng.reporters.JUnitReportReporter -->
<testsuite hostname="LAPTOP-L9UCM8I3" name="com.justdial.testcases.FitnessTestCases" tests="4" failures="0" timestamp="17 Mar 2022 07:16:49 GMT" time="2.404" errors="0">
  <testcase name="fitness" time="1.597" classname="com.justdial.testcases.FitnessTestCases"/>
  <testcase name="gym" time="0.713" classname="com.justdial.testcases.FitnessTestCases"/>
  <testcase name="gymMenu" time="0.056" classname="com.justdial.testcases.FitnessTestCases"/>
  <testcase name="fitnessMenu" time="0.038" classname="com.justdial.testcases.FitnessTestCases"/>
</testsuite> <!-- com.justdial.testcases.FitnessTestCases -->
